Time 0.56 secs. 
Log file: C:\Users\dxsb43\GitHub\Partitioning_Strategies\Homoplasy Scoring\CEA.out 
Tree 0, homoplasy 
       ÚÄÄÄÄÄÄÂÄÄÄÄÄÄÂÄÄÄÄÄÄÂÄÄÄÄÄÄÂÄÄÄÄÄÄÂÄÄÄÄÄÄÂÄÄÄÄÄÄÂÄÄÄÄÄÄÂÄÄÄÄÄÄÂÄÄÄÄÄÄ¿
       ³    +0³    +1³    +2³    +3³    +4³    +5³    +6³    +7³    +8³    +9³
ÚÄÄÄÄÄÄÅÄÄÄÄÄÄÅÄÄÄÄÄÄÅÄÄÄÄÄÄÅÄÄÄÄÄÄÅÄÄÄÄÄÄÅÄÄÄÄÄÄÅÄÄÄÄÄÄÅÄÄÄÄÄÄÅÄÄÄÄÄÄÅÄÄÄÄÄÄ´
³     0³     2³     2³     1³     2³     3³     0³     2³     0³     0³     0³
³    10³     0³     0³     1³     0³     1³     0³     0³     1³     0³     1³
³    20³     0³     1³     0³     0³     0³     0³     0³     0³     0³     1³
³    30³     0³     1³     1³     0³     0³     0³     0³     1³     1³     0³
³    40³     0³     1³     3³     1³     0³     0³     0³     1³     0³     0³
³    50³     0³     0³     2³     0³     0³     1³     0³     1³     5³     0³
³    60³     1³     0³     1³     0³     1³     0³     0³     0³     1³     1³
³    70³     0³     0³     1³     0³     0³     4³     0³     1³     3³     0³
³    80³     1³     4³     0³     1³     2³     0³     1³     1³     1³     0³
³    90³     1³     1³     0³     1³     1³     0³     2³     2³     1³     1³
³   100³     1³     0³     4³     1³     2³     4³     0³     0³     0³     1³
³   110³     0³     0³     2³     2³     1³     1³     0³     0³     2³     0³
³   120³     0³     1³     1³     1³     1³     0³     2³     0³     0³     1³
³   130³     0³     0³     0³     2³     1³     1³     0³     0³     0³     2³
³   140³     0³     0³     1³     1³     1³     0³     1³     2³     2³     2³
³   150³     0³     0³     1³     0³     0³     0³     2³     1³     2³     0³
³   160³     0³     2³     0³     0³     1³     0³     0³     0³     0³     1³
³   170³     1³     0³     1³     0³     0³     0³     0³     1³     0³     1³
³   180³     0³     1³     1³     0³     2³     1³     2³     0³     0³     0³
³   190³     2³     0³     0³     0³     0³     0³     1³     2³     0³     6³
³   200³     0³     0³     0³     0³     3³      ³      ³      ³      ³      ³
ÀÄÄÄÄÄÄÁÄÄÄÄÄÄÁÄÄÄÄÄÄÁÄÄÄÄÄÄÁÄÄÄÄÄÄÁÄÄÄÄÄÄÁÄÄÄÄÄÄÁÄÄÄÄÄÄÁÄÄÄÄÄÄÁÄÄÄÄÄÄÁÄÄÄÄÄÄÙ 
Time 0.02 secs. 
Log file: C:\Users\dxsb43\GitHub\Partitioning_Strategies\Homoplasy Scoring\CEA.out 
Outgroup is taxon 0  -  Dromaeosauridae 
Constraints is OFF 
Random seed is 1 
0 trees in memory 
Repl. Algor.     Tree        Score       Best Score   Time       Rearrangs.
3     FUSE       5           ------      ------       0:00:00    5,106,331     
Completed search.
Total rearrangements examined: 5,106,331. 
No target score defined.  Best score hit 4 times.
Best score: 31.07738.  1 trees retained. 
Time 0.58 secs. 
Tree 0, homoplasy 
       ÚÄÄÄÄÄÄÂÄÄÄÄÄÄÂÄÄÄÄÄÄÂÄÄÄÄÄÄÂÄÄÄÄÄÄÂÄÄÄÄÄÄÂÄÄÄÄÄÄÂÄÄÄÄÄÄÂÄÄÄÄÄÄÂÄÄÄÄÄÄ¿
       ³    +0³    +1³    +2³    +3³    +4³    +5³    +6³    +7³    +8³    +9³
ÚÄÄÄÄÄÄÅÄÄÄÄÄÄÅÄÄÄÄÄÄÅÄÄÄÄÄÄÅÄÄÄÄÄÄÅÄÄÄÄÄÄÅÄÄÄÄÄÄÅÄÄÄÄÄÄÅÄÄÄÄÄÄÅÄÄÄÄÄÄÅÄÄÄÄÄÄ´
³     0³     2³     2³     1³     2³     3³     0³     2³     0³     0³     0³
³    10³     0³     0³     1³     0³     1³     0³     0³     1³     0³     1³
³    20³     0³     1³     0³     0³     0³     0³     0³     0³     0³     1³
³    30³     0³     1³     1³     0³     0³     0³     0³     1³     1³     0³
³    40³     0³     1³     3³     1³     0³     0³     0³     1³     0³     0³
³    50³     0³     0³     2³     0³     0³     1³     0³     1³     5³     0³
³    60³     1³     0³     1³     0³     1³     0³     0³     0³     1³     1³
³    70³     0³     0³     1³     0³     0³     4³     0³     1³     3³     0³
³    80³     1³     4³     0³     1³     2³     0³     1³     1³     1³     0³
³    90³     1³     1³     0³     1³     1³     0³     2³     2³     1³     1³
³   100³     1³     0³     4³     1³     2³     4³     0³     0³     0³     1³
³   110³     0³     0³     2³     2³     1³     1³     0³     0³     2³     0³
³   120³     0³     1³     1³     1³     1³     0³     2³     0³     0³     1³
³   130³     0³     0³     0³     2³     1³     1³     0³     0³     0³     2³
³   140³     0³     0³     1³     1³     1³     0³     1³     2³     2³     2³
³   150³     0³     0³     1³     0³     0³     0³     2³     1³     2³     0³
³   160³     0³     2³     0³     0³     1³     0³     0³     0³     0³     1³
³   170³     1³     0³     1³     0³     0³     0³     0³     1³     0³     1³
³   180³     0³     1³     1³     0³     2³     1³     2³     0³     0³     0³
³   190³     2³     0³     0³     0³     0³     0³     1³     2³     0³     6³
³   200³     0³     0³     0³     0³     3³      ³      ³      ³      ³      ³
ÀÄÄÄÄÄÄÁÄÄÄÄÄÄÁÄÄÄÄÄÄÁÄÄÄÄÄÄÁÄÄÄÄÄÄÁÄÄÄÄÄÄÁÄÄÄÄÄÄÁÄÄÄÄÄÄÁÄÄÄÄÄÄÁÄÄÄÄÄÄÁÄÄÄÄÄÄÙ 
Time 0.02 secs. 
Saved data and trees (Nexus format) to file C:\Users\dxsb43\GitHub\Partitioning_Strategies\Homoplasy Scoring\cea_homk3_trees.nex 
