Tree 0, homoplasy 
       Ŀ
           +0    +1    +2    +3    +4    +5    +6    +7    +8    +9
Ĵ
     0     5     2     2     2     2     0     1     2     1     4
    10     0     1     0     0     2     2     1     1     0     1
    20     1     0     1     0     1     3     1     1     2     1
    30     3     0     2     1     0     3     0     2     0     0
    40     0     2     0     2     0     0     0     0     0     0
    50     5     0     1     2     0     1     0     0     0     0
    60     0     4     1     3     2     2     2     0     2     4
    70     1     1     1     7     4     3     0     1     3     2
    80     1     1     0     3     0     0     0     1     0     6
    90     5     6     0     2     0     1     3     5     0     4
   100     0     0     0     7     5     5     0     8     0     5
   110     3     2     0     3     5     1     1     0     2     0
   120     3     4    10     3     8     1     7     1     1     0
   130     4     4     3     3     5     5     5     0     0     0
   140     3     1     0     0     1     1     1     1     1     1
   150     3     1     2     3     1     2     1     0     1     1
   160     0     0     1     1     1     1     0     1     2     0
   170     0     1     0     0     0     0     0     1     2     1
   180     1     1     0     0     0     1     1     0     0     3
   190     1     1     1     0     1     1     1     1     0     2
   200     0     1     0     1     2     1     0     1     2     2
   210     1     2     1     0     1     0     3     1     1     0
   220     1     0     1     1     0                              
 
Tree 1, homoplasy 
       Ŀ
           +0    +1    +2    +3    +4    +5    +6    +7    +8    +9
Ĵ
     0     5     2     2     2     2     0     1     2     1     4
    10     0     1     0     0     2     2     1     1     0     1
    20     1     0     1     0     1     3     1     1     2     1
    30     3     0     2     1     0     3     0     2     0     0
    40     0     2     0     2     0     0     0     0     0     0
    50     5     0     1     2     0     1     0     0     0     0
    60     0     4     1     3     2     2     2     0     2     4
    70     1     1     1     7     4     3     1     1     3     2
    80     1     1     0     3     0     0     0     1     0     6
    90     5     6     0     2     0     0     3     5     0     4
   100     0     0     0     7     5     5     0     8     0     5
   110     3     2     0     3     5     1     1     0     2     0
   120     3     4    10     3     8     1     7     1     1     0
   130     4     4     3     3     5     5     5     0     0     0
   140     3     1     0     0     1     1     1     1     1     1
   150     3     1     2     3     1     2     1     0     1     1
   160     0     0     1     1     1     1     0     1     2     0
   170     0     1     0     0     0     0     0     1     2     1
   180     1     1     0     0     0     1     1     0     0     3
   190     1     1     1     0     1     1     1     1     0     2
   200     0     1     0     1     2     1     0     1     2     2
   210     1     2     1     0     1     0     3     1     1     0
   220     1     0     1     1     0                              
 
Time 0.02 secs. 
Log file: C:\Users\dxsb43\GitHub\Partitioning_Strategies\Homoplasy Scoring\hyo_homoplasy_scores.out 
