Tree 0, homoplasy 
       зддддддбддддддбддддддбддддддбддддддбддддддбддддддбддддддбддддддбдддддд©
       Ё    +0Ё    +1Ё    +2Ё    +3Ё    +4Ё    +5Ё    +6Ё    +7Ё    +8Ё    +9Ё
зддддддеддддддеддддддеддддддеддддддеддддддеддддддеддддддеддддддеддддддедддддд╢
Ё     0Ё    11Ё     0Ё     3Ё     0Ё     1Ё     0Ё     0Ё     1Ё     7Ё     1Ё
Ё    10Ё     9Ё     0Ё     3Ё     2Ё     1Ё     2Ё     0Ё     1Ё     1Ё    11Ё
Ё    20Ё    13Ё     2Ё     1Ё     6Ё     1Ё     0Ё     4Ё    16Ё     1Ё     2Ё
Ё    30Ё     4Ё     7Ё     2Ё    12Ё     0Ё    15Ё     0Ё     0Ё     1Ё     5Ё
Ё    40Ё     0Ё     1Ё     1Ё     1Ё     2Ё     1Ё     3Ё     3Ё     0Ё     6Ё
Ё    50Ё    11Ё    11Ё     1Ё     4Ё    12Ё     1Ё     3Ё     3Ё     2Ё    21Ё
Ё    60Ё     1Ё    12Ё     0Ё    12Ё     0Ё    14Ё     6Ё     6Ё     0Ё     8Ё
Ё    70Ё     8Ё    13Ё    10Ё    17Ё    10Ё     0Ё     0Ё     8Ё     0Ё     0Ё
Ё    80Ё     0Ё     9Ё     0Ё     5Ё     2Ё     7Ё     9Ё     0Ё     7Ё     9Ё
Ё    90Ё     0Ё     5Ё     4Ё     4Ё     6Ё     1Ё     1Ё     0Ё     0Ё     0Ё
Ё   100Ё     2Ё     2Ё     2Ё     2Ё     2Ё     0Ё     4Ё      Ё      Ё      Ё
юддддддаддддддаддддддаддддддаддддддаддддддаддддддаддддддаддддддаддддддадддддды 
Tree 1, homoplasy 
       зддддддбддддддбддддддбддддддбддддддбддддддбддддддбддддддбддддддбдддддд©
       Ё    +0Ё    +1Ё    +2Ё    +3Ё    +4Ё    +5Ё    +6Ё    +7Ё    +8Ё    +9Ё
зддддддеддддддеддддддеддддддеддддддеддддддеддддддеддддддеддддддеддддддедддддд╢
Ё     0Ё    11Ё     0Ё     3Ё     0Ё     1Ё     0Ё     0Ё     1Ё     7Ё     1Ё
Ё    10Ё     9Ё     0Ё     3Ё     2Ё     1Ё     2Ё     0Ё     1Ё     1Ё    11Ё
Ё    20Ё    13Ё     2Ё     1Ё     6Ё     1Ё     0Ё     4Ё    16Ё     1Ё     2Ё
Ё    30Ё     4Ё     7Ё     2Ё    12Ё     0Ё    15Ё     0Ё     0Ё     1Ё     5Ё
Ё    40Ё     0Ё     1Ё     1Ё     1Ё     2Ё     1Ё     3Ё     3Ё     0Ё     6Ё
Ё    50Ё    11Ё    11Ё     1Ё     4Ё    12Ё     1Ё     3Ё     3Ё     2Ё    21Ё
Ё    60Ё     1Ё    12Ё     0Ё    12Ё     0Ё    14Ё     6Ё     6Ё     0Ё     8Ё
Ё    70Ё     8Ё    13Ё    10Ё    17Ё    10Ё     0Ё     0Ё     8Ё     0Ё     0Ё
Ё    80Ё     0Ё     9Ё     0Ё     5Ё     2Ё     7Ё     9Ё     0Ё     7Ё     9Ё
Ё    90Ё     0Ё     5Ё     4Ё     4Ё     6Ё     1Ё     1Ё     0Ё     0Ё     0Ё
Ё   100Ё     2Ё     2Ё     2Ё     2Ё     2Ё     0Ё     4Ё      Ё      Ё      Ё
юддддддаддддддаддддддаддддддаддддддаддддддаддддддаддддддаддддддаддддддадддддды 
Tree 2, homoplasy 
       зддддддбддддддбддддддбддддддбддддддбддддддбддддддбддддддбддддддбдддддд©
       Ё    +0Ё    +1Ё    +2Ё    +3Ё    +4Ё    +5Ё    +6Ё    +7Ё    +8Ё    +9Ё
зддддддеддддддеддддддеддддддеддддддеддддддеддддддеддддддеддддддеддддддедддддд╢
Ё     0Ё    11Ё     0Ё     3Ё     0Ё     1Ё     0Ё     0Ё     1Ё     7Ё     1Ё
Ё    10Ё     9Ё     0Ё     3Ё     2Ё     1Ё     2Ё     0Ё     1Ё     1Ё    11Ё
Ё    20Ё    13Ё     2Ё     1Ё     6Ё     1Ё     0Ё     4Ё    16Ё     1Ё     2Ё
Ё    30Ё     4Ё     7Ё     2Ё    12Ё     0Ё    15Ё     0Ё     0Ё     1Ё     5Ё
Ё    40Ё     0Ё     1Ё     1Ё     1Ё     2Ё     1Ё     3Ё     3Ё     0Ё     6Ё
Ё    50Ё    11Ё    11Ё     1Ё     4Ё    12Ё     1Ё     3Ё     3Ё     2Ё    21Ё
Ё    60Ё     1Ё    12Ё     0Ё    12Ё     0Ё    14Ё     6Ё     6Ё     0Ё     8Ё
Ё    70Ё     8Ё    13Ё    10Ё    17Ё    10Ё     0Ё     0Ё     8Ё     0Ё     0Ё
Ё    80Ё     0Ё     9Ё     0Ё     5Ё     2Ё     7Ё     9Ё     0Ё     7Ё     9Ё
Ё    90Ё     0Ё     5Ё     4Ё     4Ё     6Ё     1Ё     1Ё     0Ё     0Ё     0Ё
Ё   100Ё     2Ё     2Ё     2Ё     2Ё     2Ё     0Ё     4Ё      Ё      Ё      Ё
юддддддаддддддаддддддаддддддаддддддаддддддаддддддаддддддаддддддаддддддадддддды 
Tree 3, homoplasy 
       зддддддбддддддбддддддбддддддбддддддбддддддбддддддбддддддбддддддбдддддд©
       Ё    +0Ё    +1Ё    +2Ё    +3Ё    +4Ё    +5Ё    +6Ё    +7Ё    +8Ё    +9Ё
зддддддеддддддеддддддеддддддеддддддеддддддеддддддеддддддеддддддеддддддедддддд╢
Ё     0Ё    11Ё     0Ё     3Ё     0Ё     1Ё     0Ё     0Ё     1Ё     7Ё     1Ё
Ё    10Ё     9Ё     0Ё     3Ё     2Ё     1Ё     2Ё     0Ё     1Ё     1Ё    11Ё
Ё    20Ё    13Ё     2Ё     1Ё     6Ё     1Ё     0Ё     4Ё    16Ё     1Ё     2Ё
Ё    30Ё     4Ё     7Ё     2Ё    12Ё     0Ё    15Ё     0Ё     0Ё     1Ё     5Ё
Ё    40Ё     0Ё     1Ё     1Ё     1Ё     2Ё     1Ё     3Ё     3Ё     0Ё     6Ё
Ё    50Ё    11Ё    11Ё     1Ё     4Ё    12Ё     1Ё     3Ё     3Ё     2Ё    21Ё
Ё    60Ё     1Ё    12Ё     0Ё    12Ё     0Ё    14Ё     6Ё     6Ё     0Ё     8Ё
Ё    70Ё     8Ё    13Ё    10Ё    17Ё    10Ё     0Ё     0Ё     8Ё     0Ё     0Ё
Ё    80Ё     0Ё     9Ё     0Ё     5Ё     2Ё     7Ё     9Ё     0Ё     7Ё     9Ё
Ё    90Ё     0Ё     5Ё     4Ё     4Ё     6Ё     1Ё     1Ё     0Ё     0Ё     0Ё
Ё   100Ё     2Ё     2Ё     2Ё     2Ё     2Ё     0Ё     4Ё      Ё      Ё      Ё
юддддддаддддддаддддддаддддддаддддддаддддддаддддддаддддддаддддддаддддддадддддды 
Tree 4, homoplasy 
       зддддддбддддддбддддддбддддддбддддддбддддддбддддддбддддддбддддддбдддддд©
       Ё    +0Ё    +1Ё    +2Ё    +3Ё    +4Ё    +5Ё    +6Ё    +7Ё    +8Ё    +9Ё
зддддддеддддддеддддддеддддддеддддддеддддддеддддддеддддддеддддддеддддддедддддд╢
Ё     0Ё    11Ё     0Ё     3Ё     0Ё     1Ё     0Ё     0Ё     1Ё     7Ё     1Ё
Ё    10Ё     9Ё     0Ё     3Ё     2Ё     1Ё     2Ё     0Ё     1Ё     1Ё    11Ё
Ё    20Ё    13Ё     2Ё     1Ё     6Ё     1Ё     0Ё     4Ё    16Ё     1Ё     2Ё
Ё    30Ё     4Ё     7Ё     2Ё    12Ё     0Ё    15Ё     0Ё     0Ё     1Ё     5Ё
Ё    40Ё     0Ё     1Ё     1Ё     1Ё     2Ё     1Ё     3Ё     3Ё     0Ё     6Ё
Ё    50Ё    11Ё    11Ё     1Ё     4Ё    12Ё     1Ё     3Ё     3Ё     2Ё    21Ё
Ё    60Ё     1Ё    12Ё     0Ё    12Ё     0Ё    14Ё     6Ё     6Ё     0Ё     8Ё
Ё    70Ё     8Ё    13Ё    10Ё    17Ё    10Ё     0Ё     0Ё     8Ё     0Ё     0Ё
Ё    80Ё     0Ё     9Ё     0Ё     5Ё     2Ё     7Ё     9Ё     0Ё     7Ё     9Ё
Ё    90Ё     0Ё     5Ё     4Ё     4Ё     6Ё     1Ё     1Ё     0Ё     0Ё     0Ё
Ё   100Ё     2Ё     2Ё     2Ё     2Ё     2Ё     0Ё     4Ё      Ё      Ё      Ё
юддддддаддддддаддддддаддддддаддддддаддддддаддддддаддддддаддддддаддддддадддддды 
Tree 5, homoplasy 
       зддддддбддддддбддддддбддддддбддддддбддддддбддддддбддддддбддддддбдддддд©
       Ё    +0Ё    +1Ё    +2Ё    +3Ё    +4Ё    +5Ё    +6Ё    +7Ё    +8Ё    +9Ё
зддддддеддддддеддддддеддддддеддддддеддддддеддддддеддддддеддддддеддддддедддддд╢
Ё     0Ё    11Ё     0Ё     3Ё     0Ё     1Ё     0Ё     0Ё     1Ё     7Ё     1Ё
Ё    10Ё     9Ё     0Ё     3Ё     2Ё     1Ё     2Ё     0Ё     1Ё     1Ё    11Ё
Ё    20Ё    13Ё     2Ё     1Ё     6Ё     1Ё     0Ё     4Ё    16Ё     1Ё     2Ё
Ё    30Ё     4Ё     7Ё     2Ё    12Ё     0Ё    15Ё     0Ё     0Ё     1Ё     5Ё
Ё    40Ё     0Ё     1Ё     1Ё     1Ё     2Ё     1Ё     3Ё     3Ё     0Ё     6Ё
Ё    50Ё    11Ё    11Ё     1Ё     4Ё    12Ё     1Ё     3Ё     3Ё     2Ё    21Ё
Ё    60Ё     1Ё    12Ё     0Ё    12Ё     0Ё    14Ё     6Ё     6Ё     0Ё     8Ё
Ё    70Ё     8Ё    13Ё    10Ё    17Ё    10Ё     0Ё     0Ё     8Ё     0Ё     0Ё
Ё    80Ё     0Ё     9Ё     0Ё     5Ё     2Ё     7Ё     9Ё     0Ё     7Ё     9Ё
Ё    90Ё     0Ё     5Ё     4Ё     4Ё     6Ё     1Ё     1Ё     0Ё     0Ё     0Ё
Ё   100Ё     2Ё     2Ё     2Ё     2Ё     2Ё     0Ё     4Ё      Ё      Ё      Ё
юддддддаддддддаддддддаддддддаддддддаддддддаддддддаддддддаддддддаддддддадддддды 
Tree 6, homoplasy 
       зддддддбддддддбддддддбддддддбддддддбддддддбддддддбддддддбддддддбдддддд©
       Ё    +0Ё    +1Ё    +2Ё    +3Ё    +4Ё    +5Ё    +6Ё    +7Ё    +8Ё    +9Ё
зддддддеддддддеддддддеддддддеддддддеддддддеддддддеддддддеддддддеддддддедддддд╢
Ё     0Ё    11Ё     0Ё     3Ё     0Ё     1Ё     0Ё     0Ё     1Ё     7Ё     1Ё
Ё    10Ё     9Ё     0Ё     3Ё     2Ё     1Ё     2Ё     0Ё     1Ё     1Ё    11Ё
Ё    20Ё    13Ё     2Ё     1Ё     6Ё     1Ё     0Ё     4Ё    16Ё     1Ё     2Ё
Ё    30Ё     4Ё     7Ё     2Ё    12Ё     0Ё    15Ё     0Ё     0Ё     1Ё     5Ё
Ё    40Ё     0Ё     1Ё     1Ё     1Ё     2Ё     1Ё     3Ё     3Ё     0Ё     6Ё
Ё    50Ё    11Ё    11Ё     1Ё     4Ё    12Ё     1Ё     3Ё     3Ё     2Ё    21Ё
Ё    60Ё     1Ё    12Ё     0Ё    12Ё     0Ё    14Ё     6Ё     6Ё     0Ё     8Ё
Ё    70Ё     8Ё    13Ё    10Ё    17Ё    10Ё     0Ё     0Ё     8Ё     0Ё     0Ё
Ё    80Ё     0Ё     9Ё     0Ё     5Ё     2Ё     7Ё     9Ё     0Ё     7Ё     9Ё
Ё    90Ё     0Ё     5Ё     4Ё     4Ё     6Ё     1Ё     1Ё     0Ё     0Ё     0Ё
Ё   100Ё     2Ё     2Ё     2Ё     2Ё     2Ё     0Ё     4Ё      Ё      Ё      Ё
юддддддаддддддаддддддаддддддаддддддаддддддаддддддаддддддаддддддаддддддадддддды 
Tree 7, homoplasy 
       зддддддбддддддбддддддбддддддбддддддбддддддбддддддбддддддбддддддбдддддд©
       Ё    +0Ё    +1Ё    +2Ё    +3Ё    +4Ё    +5Ё    +6Ё    +7Ё    +8Ё    +9Ё
зддддддеддддддеддддддеддддддеддддддеддддддеддддддеддддддеддддддеддддддедддддд╢
Ё     0Ё    11Ё     0Ё     3Ё     0Ё     1Ё     0Ё     0Ё     1Ё     7Ё     1Ё
Ё    10Ё     9Ё     0Ё     3Ё     2Ё     1Ё     2Ё     0Ё     1Ё     1Ё    11Ё
Ё    20Ё    13Ё     2Ё     1Ё     6Ё     1Ё     0Ё     4Ё    16Ё     1Ё     2Ё
Ё    30Ё     4Ё     7Ё     2Ё    12Ё     0Ё    15Ё     0Ё     0Ё     1Ё     5Ё
Ё    40Ё     0Ё     1Ё     1Ё     1Ё     2Ё     1Ё     3Ё     3Ё     0Ё     6Ё
Ё    50Ё    11Ё    11Ё     1Ё     4Ё    12Ё     1Ё     3Ё     3Ё     2Ё    21Ё
Ё    60Ё     1Ё    12Ё     0Ё    12Ё     0Ё    14Ё     6Ё     6Ё     0Ё     8Ё
Ё    70Ё     8Ё    13Ё    10Ё    17Ё    10Ё     0Ё     0Ё     8Ё     0Ё     0Ё
Ё    80Ё     0Ё     9Ё     0Ё     5Ё     2Ё     7Ё     9Ё     0Ё     7Ё     9Ё
Ё    90Ё     0Ё     5Ё     4Ё     4Ё     6Ё     1Ё     1Ё     0Ё     0Ё     0Ё
Ё   100Ё     2Ё     2Ё     2Ё     2Ё     2Ё     0Ё     4Ё      Ё      Ё      Ё
юддддддаддддддаддддддаддддддаддддддаддддддаддддддаддддддаддддддаддддддадддддды 
Time 0.00 secs. 
Log file: C:\Users\dxsb43\GitHub\Partitioning_Strategies\Homoplasy Scoring\syll_homoplasy_scores.out 
