Log file: C:\Users\dxsb43\GitHub\Partitioning_Strategies\Homoplasy Scoring\Weev_homoplasy_scores.out 
Tree 0, homoplasy 
       зддддддбддддддбддддддбддддддбддддддбддддддбддддддбддддддбддддддбдддддд©
       Ё    +0Ё    +1Ё    +2Ё    +3Ё    +4Ё    +5Ё    +6Ё    +7Ё    +8Ё    +9Ё
зддддддеддддддеддддддеддддддеддддддеддддддеддддддеддддддеддддддеддддддедддддд╢
Ё     0Ё     0Ё     0Ё     1Ё     2Ё     0Ё     0Ё     4Ё     0Ё     2Ё     0Ё
Ё    10Ё     2Ё     0Ё     1Ё     1Ё     0Ё     0Ё     0Ё     0Ё     0Ё     1Ё
Ё    20Ё     0Ё     0Ё     1Ё     0Ё     0Ё     0Ё     0Ё     0Ё     2Ё     1Ё
Ё    30Ё     0Ё     3Ё     1Ё     2Ё     0Ё     3Ё     1Ё     0Ё     0Ё     1Ё
Ё    40Ё     1Ё     1Ё     0Ё     0Ё     2Ё     1Ё     3Ё     0Ё     0Ё     1Ё
Ё    50Ё     1Ё     0Ё     0Ё     0Ё     0Ё     1Ё     1Ё     0Ё     0Ё     0Ё
Ё    60Ё     1Ё     0Ё     4Ё     0Ё     1Ё     1Ё     0Ё     1Ё     0Ё     5Ё
Ё    70Ё     0Ё     3Ё     0Ё     0Ё     0Ё     1Ё     3Ё     0Ё     1Ё     0Ё
Ё    80Ё     2Ё     7Ё     0Ё     0Ё     0Ё     0Ё     3Ё     0Ё     0Ё     0Ё
Ё    90Ё     0Ё     3Ё     7Ё     0Ё     6Ё     0Ё     0Ё     0Ё     0Ё     0Ё
Ё   100Ё     0Ё     0Ё     0Ё     0Ё     1Ё     0Ё     0Ё     0Ё     0Ё     0Ё
Ё   110Ё     0Ё     1Ё     1Ё     1Ё     0Ё      Ё      Ё      Ё      Ё      Ё
юддддддаддддддаддддддаддддддаддддддаддддддаддддддаддддддаддддддаддддддадддддды 
Tree 1, homoplasy 
       зддддддбддддддбддддддбддддддбддддддбддддддбддддддбддддддбддддддбдддддд©
       Ё    +0Ё    +1Ё    +2Ё    +3Ё    +4Ё    +5Ё    +6Ё    +7Ё    +8Ё    +9Ё
зддддддеддддддеддддддеддддддеддддддеддддддеддддддеддддддеддддддеддддддедддддд╢
Ё     0Ё     0Ё     0Ё     1Ё     2Ё     0Ё     0Ё     4Ё     0Ё     2Ё     0Ё
Ё    10Ё     2Ё     0Ё     1Ё     1Ё     0Ё     0Ё     0Ё     0Ё     0Ё     1Ё
Ё    20Ё     0Ё     0Ё     1Ё     0Ё     0Ё     0Ё     0Ё     0Ё     2Ё     1Ё
Ё    30Ё     0Ё     3Ё     1Ё     2Ё     0Ё     3Ё     1Ё     0Ё     0Ё     1Ё
Ё    40Ё     1Ё     1Ё     0Ё     0Ё     2Ё     1Ё     3Ё     0Ё     0Ё     1Ё
Ё    50Ё     1Ё     0Ё     0Ё     0Ё     0Ё     1Ё     1Ё     0Ё     0Ё     0Ё
Ё    60Ё     1Ё     0Ё     4Ё     0Ё     1Ё     1Ё     0Ё     1Ё     0Ё     5Ё
Ё    70Ё     0Ё     3Ё     0Ё     0Ё     0Ё     1Ё     3Ё     0Ё     1Ё     0Ё
Ё    80Ё     2Ё     7Ё     0Ё     0Ё     0Ё     0Ё     3Ё     0Ё     0Ё     0Ё
Ё    90Ё     0Ё     3Ё     7Ё     0Ё     6Ё     0Ё     0Ё     0Ё     0Ё     0Ё
Ё   100Ё     0Ё     0Ё     0Ё     0Ё     1Ё     0Ё     0Ё     0Ё     0Ё     0Ё
Ё   110Ё     0Ё     1Ё     1Ё     1Ё     0Ё      Ё      Ё      Ё      Ё      Ё
юддддддаддддддаддддддаддддддаддддддаддддддаддддддаддддддаддддддаддддддадддддды 
Tree 2, homoplasy 
       зддддддбддддддбддддддбддддддбддддддбддддддбддддддбддддддбддддддбдддддд©
       Ё    +0Ё    +1Ё    +2Ё    +3Ё    +4Ё    +5Ё    +6Ё    +7Ё    +8Ё    +9Ё
зддддддеддддддеддддддеддддддеддддддеддддддеддддддеддддддеддддддеддддддедддддд╢
Ё     0Ё     0Ё     0Ё     1Ё     2Ё     0Ё     0Ё     4Ё     0Ё     2Ё     0Ё
Ё    10Ё     2Ё     0Ё     1Ё     1Ё     0Ё     0Ё     0Ё     0Ё     0Ё     1Ё
Ё    20Ё     0Ё     0Ё     1Ё     0Ё     0Ё     0Ё     0Ё     0Ё     2Ё     1Ё
Ё    30Ё     0Ё     3Ё     1Ё     2Ё     0Ё     3Ё     1Ё     0Ё     0Ё     1Ё
Ё    40Ё     1Ё     1Ё     0Ё     0Ё     2Ё     1Ё     3Ё     0Ё     0Ё     1Ё
Ё    50Ё     1Ё     0Ё     0Ё     0Ё     0Ё     1Ё     1Ё     0Ё     0Ё     0Ё
Ё    60Ё     1Ё     0Ё     4Ё     0Ё     1Ё     1Ё     0Ё     1Ё     0Ё     5Ё
Ё    70Ё     0Ё     3Ё     0Ё     0Ё     0Ё     1Ё     3Ё     0Ё     1Ё     0Ё
Ё    80Ё     2Ё     7Ё     0Ё     0Ё     0Ё     0Ё     3Ё     0Ё     0Ё     0Ё
Ё    90Ё     0Ё     3Ё     7Ё     0Ё     6Ё     0Ё     0Ё     0Ё     0Ё     0Ё
Ё   100Ё     0Ё     0Ё     0Ё     0Ё     1Ё     0Ё     0Ё     0Ё     0Ё     0Ё
Ё   110Ё     0Ё     1Ё     1Ё     1Ё     0Ё      Ё      Ё      Ё      Ё      Ё
юддддддаддддддаддддддаддддддаддддддаддддддаддддддаддддддаддддддаддддддадддддды 
Tree 3, homoplasy 
       зддддддбддддддбддддддбддддддбддддддбддддддбддддддбддддддбддддддбдддддд©
       Ё    +0Ё    +1Ё    +2Ё    +3Ё    +4Ё    +5Ё    +6Ё    +7Ё    +8Ё    +9Ё
зддддддеддддддеддддддеддддддеддддддеддддддеддддддеддддддеддддддеддддддедддддд╢
Ё     0Ё     0Ё     0Ё     1Ё     2Ё     0Ё     0Ё     4Ё     0Ё     2Ё     0Ё
Ё    10Ё     2Ё     0Ё     1Ё     1Ё     0Ё     0Ё     0Ё     0Ё     0Ё     1Ё
Ё    20Ё     0Ё     0Ё     1Ё     0Ё     0Ё     0Ё     0Ё     0Ё     2Ё     1Ё
Ё    30Ё     0Ё     3Ё     1Ё     2Ё     0Ё     3Ё     1Ё     0Ё     0Ё     1Ё
Ё    40Ё     1Ё     1Ё     0Ё     0Ё     2Ё     1Ё     3Ё     0Ё     0Ё     1Ё
Ё    50Ё     1Ё     0Ё     0Ё     0Ё     0Ё     1Ё     1Ё     0Ё     0Ё     0Ё
Ё    60Ё     1Ё     0Ё     4Ё     0Ё     1Ё     1Ё     0Ё     1Ё     0Ё     5Ё
Ё    70Ё     0Ё     3Ё     0Ё     0Ё     0Ё     1Ё     3Ё     0Ё     1Ё     0Ё
Ё    80Ё     2Ё     7Ё     0Ё     0Ё     0Ё     0Ё     3Ё     0Ё     0Ё     0Ё
Ё    90Ё     0Ё     3Ё     7Ё     0Ё     6Ё     0Ё     0Ё     0Ё     0Ё     0Ё
Ё   100Ё     0Ё     0Ё     0Ё     0Ё     1Ё     0Ё     0Ё     0Ё     0Ё     0Ё
Ё   110Ё     0Ё     1Ё     1Ё     1Ё     0Ё      Ё      Ё      Ё      Ё      Ё
юддддддаддддддаддддддаддддддаддддддаддддддаддддддаддддддаддддддаддддддадддддды 
Tree 4, homoplasy 
       зддддддбддддддбддддддбддддддбддддддбддддддбддддддбддддддбддддддбдддддд©
       Ё    +0Ё    +1Ё    +2Ё    +3Ё    +4Ё    +5Ё    +6Ё    +7Ё    +8Ё    +9Ё
зддддддеддддддеддддддеддддддеддддддеддддддеддддддеддддддеддддддеддддддедддддд╢
Ё     0Ё     0Ё     0Ё     1Ё     2Ё     0Ё     0Ё     4Ё     0Ё     2Ё     0Ё
Ё    10Ё     2Ё     0Ё     1Ё     1Ё     0Ё     0Ё     0Ё     0Ё     0Ё     1Ё
Ё    20Ё     0Ё     0Ё     1Ё     0Ё     0Ё     0Ё     0Ё     0Ё     2Ё     1Ё
Ё    30Ё     0Ё     3Ё     1Ё     2Ё     0Ё     3Ё     1Ё     0Ё     0Ё     1Ё
Ё    40Ё     1Ё     1Ё     0Ё     0Ё     2Ё     1Ё     3Ё     0Ё     0Ё     1Ё
Ё    50Ё     1Ё     0Ё     0Ё     0Ё     0Ё     1Ё     1Ё     0Ё     0Ё     0Ё
Ё    60Ё     1Ё     0Ё     4Ё     0Ё     1Ё     1Ё     0Ё     1Ё     0Ё     5Ё
Ё    70Ё     0Ё     3Ё     0Ё     0Ё     0Ё     1Ё     3Ё     0Ё     1Ё     0Ё
Ё    80Ё     2Ё     7Ё     0Ё     0Ё     0Ё     0Ё     3Ё     0Ё     0Ё     0Ё
Ё    90Ё     0Ё     3Ё     7Ё     0Ё     6Ё     0Ё     0Ё     0Ё     0Ё     0Ё
Ё   100Ё     0Ё     0Ё     0Ё     0Ё     1Ё     0Ё     0Ё     0Ё     0Ё     0Ё
Ё   110Ё     0Ё     1Ё     1Ё     1Ё     0Ё      Ё      Ё      Ё      Ё      Ё
юддддддаддддддаддддддаддддддаддддддаддддддаддддддаддддддаддддддаддддддадддддды 
Tree 5, homoplasy 
       зддддддбддддддбддддддбддддддбддддддбддддддбддддддбддддддбддддддбдддддд©
       Ё    +0Ё    +1Ё    +2Ё    +3Ё    +4Ё    +5Ё    +6Ё    +7Ё    +8Ё    +9Ё
зддддддеддддддеддддддеддддддеддддддеддддддеддддддеддддддеддддддеддддддедддддд╢
Ё     0Ё     0Ё     0Ё     1Ё     2Ё     0Ё     0Ё     4Ё     0Ё     2Ё     0Ё
Ё    10Ё     2Ё     0Ё     1Ё     1Ё     0Ё     0Ё     0Ё     0Ё     0Ё     1Ё
Ё    20Ё     0Ё     0Ё     1Ё     0Ё     0Ё     0Ё     0Ё     0Ё     2Ё     1Ё
Ё    30Ё     0Ё     3Ё     1Ё     2Ё     0Ё     3Ё     1Ё     0Ё     0Ё     1Ё
Ё    40Ё     1Ё     1Ё     0Ё     0Ё     2Ё     1Ё     3Ё     0Ё     0Ё     1Ё
Ё    50Ё     1Ё     0Ё     0Ё     0Ё     0Ё     1Ё     1Ё     0Ё     0Ё     0Ё
Ё    60Ё     1Ё     0Ё     4Ё     0Ё     1Ё     1Ё     0Ё     1Ё     0Ё     5Ё
Ё    70Ё     0Ё     3Ё     0Ё     0Ё     0Ё     1Ё     3Ё     0Ё     1Ё     0Ё
Ё    80Ё     2Ё     7Ё     0Ё     0Ё     0Ё     0Ё     3Ё     0Ё     0Ё     0Ё
Ё    90Ё     0Ё     3Ё     7Ё     0Ё     6Ё     0Ё     0Ё     0Ё     0Ё     0Ё
Ё   100Ё     0Ё     0Ё     0Ё     0Ё     1Ё     0Ё     0Ё     0Ё     0Ё     0Ё
Ё   110Ё     0Ё     1Ё     1Ё     1Ё     0Ё      Ё      Ё      Ё      Ё      Ё
юддддддаддддддаддддддаддддддаддддддаддддддаддддддаддддддаддддддаддддддадддддды 
Tree 6, homoplasy 
       зддддддбддддддбддддддбддддддбддддддбддддддбддддддбддддддбддддддбдддддд©
       Ё    +0Ё    +1Ё    +2Ё    +3Ё    +4Ё    +5Ё    +6Ё    +7Ё    +8Ё    +9Ё
зддддддеддддддеддддддеддддддеддддддеддддддеддддддеддддддеддддддеддддддедддддд╢
Ё     0Ё     0Ё     0Ё     1Ё     2Ё     0Ё     0Ё     4Ё     0Ё     2Ё     0Ё
Ё    10Ё     2Ё     0Ё     1Ё     1Ё     0Ё     0Ё     0Ё     0Ё     0Ё     1Ё
Ё    20Ё     0Ё     0Ё     1Ё     0Ё     0Ё     0Ё     0Ё     0Ё     2Ё     1Ё
Ё    30Ё     0Ё     3Ё     1Ё     2Ё     0Ё     3Ё     1Ё     0Ё     0Ё     1Ё
Ё    40Ё     1Ё     1Ё     0Ё     0Ё     2Ё     1Ё     3Ё     0Ё     0Ё     1Ё
Ё    50Ё     1Ё     0Ё     0Ё     0Ё     0Ё     1Ё     1Ё     0Ё     0Ё     0Ё
Ё    60Ё     1Ё     0Ё     4Ё     0Ё     1Ё     1Ё     0Ё     1Ё     0Ё     5Ё
Ё    70Ё     0Ё     3Ё     0Ё     0Ё     0Ё     1Ё     3Ё     0Ё     1Ё     0Ё
Ё    80Ё     2Ё     7Ё     0Ё     0Ё     0Ё     0Ё     3Ё     0Ё     0Ё     0Ё
Ё    90Ё     0Ё     3Ё     7Ё     0Ё     6Ё     0Ё     0Ё     0Ё     0Ё     0Ё
Ё   100Ё     0Ё     0Ё     0Ё     0Ё     1Ё     0Ё     0Ё     0Ё     0Ё     0Ё
Ё   110Ё     0Ё     1Ё     1Ё     1Ё     0Ё      Ё      Ё      Ё      Ё      Ё
юддддддаддддддаддддддаддддддаддддддаддддддаддддддаддддддаддддддаддддддадддддды 
Tree 7, homoplasy 
       зддддддбддддддбддддддбддддддбддддддбддддддбддддддбддддддбддддддбдддддд©
       Ё    +0Ё    +1Ё    +2Ё    +3Ё    +4Ё    +5Ё    +6Ё    +7Ё    +8Ё    +9Ё
зддддддеддддддеддддддеддддддеддддддеддддддеддддддеддддддеддддддеддддддедддддд╢
Ё     0Ё     0Ё     0Ё     1Ё     2Ё     0Ё     0Ё     4Ё     0Ё     2Ё     0Ё
Ё    10Ё     2Ё     0Ё     1Ё     1Ё     0Ё     0Ё     0Ё     0Ё     0Ё     1Ё
Ё    20Ё     0Ё     0Ё     1Ё     0Ё     0Ё     0Ё     0Ё     0Ё     2Ё     1Ё
Ё    30Ё     0Ё     3Ё     1Ё     2Ё     0Ё     3Ё     1Ё     0Ё     0Ё     1Ё
Ё    40Ё     1Ё     1Ё     0Ё     0Ё     2Ё     1Ё     3Ё     0Ё     0Ё     1Ё
Ё    50Ё     1Ё     0Ё     0Ё     0Ё     0Ё     1Ё     1Ё     0Ё     0Ё     0Ё
Ё    60Ё     1Ё     0Ё     4Ё     0Ё     1Ё     1Ё     0Ё     1Ё     0Ё     5Ё
Ё    70Ё     0Ё     3Ё     0Ё     0Ё     0Ё     1Ё     3Ё     0Ё     1Ё     0Ё
Ё    80Ё     2Ё     7Ё     0Ё     0Ё     0Ё     0Ё     3Ё     0Ё     0Ё     0Ё
Ё    90Ё     0Ё     3Ё     7Ё     0Ё     6Ё     0Ё     0Ё     0Ё     0Ё     0Ё
Ё   100Ё     0Ё     0Ё     0Ё     0Ё     1Ё     0Ё     0Ё     0Ё     0Ё     0Ё
Ё   110Ё     0Ё     1Ё     1Ё     1Ё     0Ё      Ё      Ё      Ё      Ё      Ё
юддддддаддддддаддддддаддддддаддддддаддддддаддддддаддддддаддддддаддддддадддддды 
Tree 8, homoplasy 
       зддддддбддддддбддддддбддддддбддддддбддддддбддддддбддддддбддддддбдддддд©
       Ё    +0Ё    +1Ё    +2Ё    +3Ё    +4Ё    +5Ё    +6Ё    +7Ё    +8Ё    +9Ё
зддддддеддддддеддддддеддддддеддддддеддддддеддддддеддддддеддддддеддддддедддддд╢
Ё     0Ё     0Ё     0Ё     1Ё     2Ё     0Ё     0Ё     4Ё     0Ё     3Ё     0Ё
Ё    10Ё     2Ё     0Ё     1Ё     1Ё     0Ё     0Ё     0Ё     0Ё     0Ё     1Ё
Ё    20Ё     0Ё     0Ё     1Ё     0Ё     0Ё     0Ё     0Ё     0Ё     2Ё     1Ё
Ё    30Ё     0Ё     3Ё     1Ё     2Ё     0Ё     2Ё     1Ё     0Ё     0Ё     1Ё
Ё    40Ё     1Ё     1Ё     0Ё     0Ё     2Ё     1Ё     3Ё     0Ё     0Ё     1Ё
Ё    50Ё     1Ё     0Ё     0Ё     0Ё     0Ё     1Ё     1Ё     0Ё     0Ё     0Ё
Ё    60Ё     1Ё     0Ё     4Ё     0Ё     1Ё     1Ё     0Ё     1Ё     0Ё     5Ё
Ё    70Ё     0Ё     3Ё     0Ё     0Ё     0Ё     1Ё     3Ё     0Ё     1Ё     0Ё
Ё    80Ё     2Ё     7Ё     0Ё     0Ё     0Ё     0Ё     3Ё     0Ё     0Ё     0Ё
Ё    90Ё     0Ё     3Ё     7Ё     0Ё     6Ё     0Ё     0Ё     0Ё     0Ё     0Ё
Ё   100Ё     0Ё     0Ё     0Ё     0Ё     1Ё     0Ё     0Ё     0Ё     0Ё     0Ё
Ё   110Ё     0Ё     1Ё     1Ё     1Ё     0Ё      Ё      Ё      Ё      Ё      Ё
юддддддаддддддаддддддаддддддаддддддаддддддаддддддаддддддаддддддаддддддадддддды 
Tree 9, homoplasy 
       зддддддбддддддбддддддбддддддбддддддбддддддбддддддбддддддбддддддбдддддд©
       Ё    +0Ё    +1Ё    +2Ё    +3Ё    +4Ё    +5Ё    +6Ё    +7Ё    +8Ё    +9Ё
зддддддеддддддеддддддеддддддеддддддеддддддеддддддеддддддеддддддеддддддедддддд╢
Ё     0Ё     0Ё     0Ё     1Ё     2Ё     0Ё     0Ё     4Ё     0Ё     2Ё     0Ё
Ё    10Ё     2Ё     0Ё     1Ё     1Ё     0Ё     0Ё     0Ё     0Ё     0Ё     1Ё
Ё    20Ё     0Ё     0Ё     1Ё     0Ё     0Ё     0Ё     0Ё     0Ё     2Ё     1Ё
Ё    30Ё     0Ё     3Ё     1Ё     2Ё     0Ё     3Ё     1Ё     0Ё     0Ё     1Ё
Ё    40Ё     1Ё     1Ё     0Ё     0Ё     2Ё     1Ё     3Ё     0Ё     0Ё     1Ё
Ё    50Ё     1Ё     0Ё     0Ё     0Ё     0Ё     1Ё     1Ё     0Ё     0Ё     0Ё
Ё    60Ё     1Ё     0Ё     4Ё     0Ё     1Ё     1Ё     0Ё     1Ё     0Ё     5Ё
Ё    70Ё     0Ё     3Ё     0Ё     0Ё     0Ё     1Ё     3Ё     0Ё     1Ё     0Ё
Ё    80Ё     2Ё     7Ё     0Ё     0Ё     0Ё     0Ё     3Ё     0Ё     0Ё     0Ё
Ё    90Ё     0Ё     3Ё     7Ё     0Ё     6Ё     0Ё     0Ё     0Ё     0Ё     0Ё
Ё   100Ё     0Ё     0Ё     0Ё     0Ё     1Ё     0Ё     0Ё     0Ё     0Ё     0Ё
Ё   110Ё     0Ё     1Ё     1Ё     1Ё     0Ё      Ё      Ё      Ё      Ё      Ё
юддддддаддддддаддддддаддддддаддддддаддддддаддддддаддддддаддддддаддддддадддддды 
Tree 10, homoplasy 
       зддддддбддддддбддддддбддддддбддддддбддддддбддддддбддддддбддддддбдддддд©
       Ё    +0Ё    +1Ё    +2Ё    +3Ё    +4Ё    +5Ё    +6Ё    +7Ё    +8Ё    +9Ё
зддддддеддддддеддддддеддддддеддддддеддддддеддддддеддддддеддддддеддддддедддддд╢
Ё     0Ё     0Ё     0Ё     1Ё     2Ё     0Ё     0Ё     4Ё     0Ё     2Ё     0Ё
Ё    10Ё     2Ё     0Ё     1Ё     1Ё     0Ё     0Ё     0Ё     0Ё     0Ё     1Ё
Ё    20Ё     0Ё     0Ё     1Ё     0Ё     0Ё     0Ё     0Ё     0Ё     2Ё     1Ё
Ё    30Ё     0Ё     3Ё     1Ё     2Ё     0Ё     3Ё     1Ё     0Ё     0Ё     1Ё
Ё    40Ё     1Ё     1Ё     0Ё     0Ё     2Ё     1Ё     3Ё     0Ё     0Ё     1Ё
Ё    50Ё     1Ё     0Ё     0Ё     0Ё     0Ё     1Ё     1Ё     0Ё     0Ё     0Ё
Ё    60Ё     1Ё     0Ё     4Ё     0Ё     1Ё     1Ё     0Ё     1Ё     0Ё     5Ё
Ё    70Ё     0Ё     3Ё     0Ё     0Ё     0Ё     1Ё     3Ё     0Ё     1Ё     0Ё
Ё    80Ё     2Ё     7Ё     0Ё     0Ё     0Ё     0Ё     3Ё     0Ё     0Ё     0Ё
Ё    90Ё     0Ё     3Ё     7Ё     0Ё     6Ё     0Ё     0Ё     0Ё     0Ё     0Ё
Ё   100Ё     0Ё     0Ё     0Ё     0Ё     1Ё     0Ё     0Ё     0Ё     0Ё     0Ё
Ё   110Ё     0Ё     1Ё     1Ё     1Ё     0Ё      Ё      Ё      Ё      Ё      Ё
юддддддаддддддаддддддаддддддаддддддаддддддаддддддаддддддаддддддаддддддадддддды 
Tree 11, homoplasy 
       зддддддбддддддбддддддбддддддбддддддбддддддбддддддбддддддбддддддбдддддд©
       Ё    +0Ё    +1Ё    +2Ё    +3Ё    +4Ё    +5Ё    +6Ё    +7Ё    +8Ё    +9Ё
зддддддеддддддеддддддеддддддеддддддеддддддеддддддеддддддеддддддеддддддедддддд╢
Ё     0Ё     0Ё     0Ё     1Ё     2Ё     0Ё     0Ё     4Ё     0Ё     2Ё     0Ё
Ё    10Ё     2Ё     0Ё     1Ё     1Ё     0Ё     0Ё     0Ё     0Ё     0Ё     1Ё
Ё    20Ё     0Ё     0Ё     1Ё     0Ё     0Ё     0Ё     0Ё     0Ё     2Ё     1Ё
Ё    30Ё     0Ё     3Ё     1Ё     2Ё     0Ё     3Ё     1Ё     0Ё     0Ё     1Ё
Ё    40Ё     1Ё     1Ё     0Ё     0Ё     2Ё     1Ё     3Ё     0Ё     0Ё     1Ё
Ё    50Ё     1Ё     0Ё     0Ё     0Ё     0Ё     1Ё     1Ё     0Ё     0Ё     0Ё
Ё    60Ё     1Ё     0Ё     4Ё     0Ё     1Ё     1Ё     0Ё     1Ё     0Ё     5Ё
Ё    70Ё     0Ё     3Ё     0Ё     0Ё     0Ё     1Ё     3Ё     0Ё     1Ё     0Ё
Ё    80Ё     2Ё     7Ё     0Ё     0Ё     0Ё     0Ё     3Ё     0Ё     0Ё     0Ё
Ё    90Ё     0Ё     3Ё     7Ё     0Ё     6Ё     0Ё     0Ё     0Ё     0Ё     0Ё
Ё   100Ё     0Ё     0Ё     0Ё     0Ё     1Ё     0Ё     0Ё     0Ё     0Ё     0Ё
Ё   110Ё     0Ё     1Ё     1Ё     1Ё     0Ё      Ё      Ё      Ё      Ё      Ё
юддддддаддддддаддддддаддддддаддддддаддддддаддддддаддддддаддддддаддддддадддддды 
Tree 12, homoplasy 
       зддддддбддддддбддддддбддддддбддддддбддддддбддддддбддддддбддддддбдддддд©
       Ё    +0Ё    +1Ё    +2Ё    +3Ё    +4Ё    +5Ё    +6Ё    +7Ё    +8Ё    +9Ё
зддддддеддддддеддддддеддддддеддддддеддддддеддддддеддддддеддддддеддддддедддддд╢
Ё     0Ё     0Ё     0Ё     1Ё     2Ё     0Ё     0Ё     4Ё     0Ё     2Ё     0Ё
Ё    10Ё     2Ё     0Ё     1Ё     1Ё     0Ё     0Ё     0Ё     0Ё     0Ё     1Ё
Ё    20Ё     0Ё     0Ё     1Ё     0Ё     0Ё     0Ё     0Ё     0Ё     2Ё     1Ё
Ё    30Ё     0Ё     3Ё     1Ё     2Ё     0Ё     3Ё     1Ё     0Ё     0Ё     1Ё
Ё    40Ё     1Ё     1Ё     0Ё     0Ё     2Ё     1Ё     3Ё     0Ё     0Ё     1Ё
Ё    50Ё     1Ё     0Ё     0Ё     0Ё     0Ё     1Ё     1Ё     0Ё     0Ё     0Ё
Ё    60Ё     1Ё     0Ё     4Ё     0Ё     1Ё     1Ё     0Ё     1Ё     0Ё     5Ё
Ё    70Ё     0Ё     3Ё     0Ё     0Ё     0Ё     1Ё     3Ё     0Ё     1Ё     0Ё
Ё    80Ё     2Ё     7Ё     0Ё     0Ё     0Ё     0Ё     3Ё     0Ё     0Ё     0Ё
Ё    90Ё     0Ё     3Ё     7Ё     0Ё     6Ё     0Ё     0Ё     0Ё     0Ё     0Ё
Ё   100Ё     0Ё     0Ё     0Ё     0Ё     1Ё     0Ё     0Ё     0Ё     0Ё     0Ё
Ё   110Ё     0Ё     1Ё     1Ё     1Ё     0Ё      Ё      Ё      Ё      Ё      Ё
юддддддаддддддаддддддаддддддаддддддаддддддаддддддаддддддаддддддаддддддадддддды 
Tree 13, homoplasy 
       зддддддбддддддбддддддбддддддбддддддбддддддбддддддбддддддбддддддбдддддд©
       Ё    +0Ё    +1Ё    +2Ё    +3Ё    +4Ё    +5Ё    +6Ё    +7Ё    +8Ё    +9Ё
зддддддеддддддеддддддеддддддеддддддеддддддеддддддеддддддеддддддеддддддедддддд╢
Ё     0Ё     0Ё     0Ё     1Ё     2Ё     0Ё     0Ё     4Ё     0Ё     2Ё     0Ё
Ё    10Ё     2Ё     0Ё     1Ё     1Ё     0Ё     0Ё     0Ё     0Ё     0Ё     1Ё
Ё    20Ё     0Ё     0Ё     1Ё     0Ё     0Ё     0Ё     0Ё     0Ё     2Ё     1Ё
Ё    30Ё     0Ё     3Ё     1Ё     2Ё     0Ё     3Ё     1Ё     0Ё     0Ё     1Ё
Ё    40Ё     1Ё     1Ё     0Ё     0Ё     2Ё     1Ё     3Ё     0Ё     0Ё     1Ё
Ё    50Ё     1Ё     0Ё     0Ё     0Ё     0Ё     1Ё     1Ё     0Ё     0Ё     0Ё
Ё    60Ё     1Ё     0Ё     4Ё     0Ё     1Ё     1Ё     0Ё     1Ё     0Ё     5Ё
Ё    70Ё     0Ё     3Ё     0Ё     0Ё     0Ё     1Ё     3Ё     0Ё     1Ё     0Ё
Ё    80Ё     2Ё     7Ё     0Ё     0Ё     0Ё     0Ё     3Ё     0Ё     0Ё     0Ё
Ё    90Ё     0Ё     3Ё     7Ё     0Ё     6Ё     0Ё     0Ё     0Ё     0Ё     0Ё
Ё   100Ё     0Ё     0Ё     0Ё     0Ё     1Ё     0Ё     0Ё     0Ё     0Ё     0Ё
Ё   110Ё     0Ё     1Ё     1Ё     1Ё     0Ё      Ё      Ё      Ё      Ё      Ё
юддддддаддддддаддддддаддддддаддддддаддддддаддддддаддддддаддддддаддддддадддддды 
Tree 14, homoplasy 
       зддддддбддддддбддддддбддддддбддддддбддддддбддддддбддддддбддддддбдддддд©
       Ё    +0Ё    +1Ё    +2Ё    +3Ё    +4Ё    +5Ё    +6Ё    +7Ё    +8Ё    +9Ё
зддддддеддддддеддддддеддддддеддддддеддддддеддддддеддддддеддддддеддддддедддддд╢
Ё     0Ё     0Ё     0Ё     1Ё     2Ё     0Ё     0Ё     4Ё     0Ё     3Ё     0Ё
Ё    10Ё     2Ё     0Ё     1Ё     1Ё     0Ё     0Ё     0Ё     0Ё     0Ё     1Ё
Ё    20Ё     0Ё     0Ё     1Ё     0Ё     0Ё     0Ё     0Ё     0Ё     2Ё     1Ё
Ё    30Ё     0Ё     3Ё     1Ё     2Ё     0Ё     2Ё     1Ё     0Ё     0Ё     1Ё
Ё    40Ё     1Ё     1Ё     0Ё     0Ё     2Ё     1Ё     3Ё     0Ё     0Ё     1Ё
Ё    50Ё     1Ё     0Ё     0Ё     0Ё     0Ё     1Ё     1Ё     0Ё     0Ё     0Ё
Ё    60Ё     1Ё     0Ё     4Ё     0Ё     1Ё     1Ё     0Ё     1Ё     0Ё     5Ё
Ё    70Ё     0Ё     3Ё     0Ё     0Ё     0Ё     1Ё     3Ё     0Ё     1Ё     0Ё
Ё    80Ё     2Ё     7Ё     0Ё     0Ё     0Ё     0Ё     3Ё     0Ё     0Ё     0Ё
Ё    90Ё     0Ё     3Ё     7Ё     0Ё     6Ё     0Ё     0Ё     0Ё     0Ё     0Ё
Ё   100Ё     0Ё     0Ё     0Ё     0Ё     1Ё     0Ё     0Ё     0Ё     0Ё     0Ё
Ё   110Ё     0Ё     1Ё     1Ё     1Ё     0Ё      Ё      Ё      Ё      Ё      Ё
юддддддаддддддаддддддаддддддаддддддаддддддаддддддаддддддаддддддаддддддадддддды 
Tree 15, homoplasy 
       зддддддбддддддбддддддбддддддбддддддбддддддбддддддбддддддбддддддбдддддд©
       Ё    +0Ё    +1Ё    +2Ё    +3Ё    +4Ё    +5Ё    +6Ё    +7Ё    +8Ё    +9Ё
зддддддеддддддеддддддеддддддеддддддеддддддеддддддеддддддеддддддеддддддедддддд╢
Ё     0Ё     0Ё     0Ё     1Ё     2Ё     0Ё     0Ё     4Ё     0Ё     2Ё     0Ё
Ё    10Ё     2Ё     0Ё     1Ё     1Ё     0Ё     0Ё     0Ё     0Ё     0Ё     1Ё
Ё    20Ё     0Ё     0Ё     1Ё     0Ё     0Ё     0Ё     0Ё     0Ё     2Ё     1Ё
Ё    30Ё     0Ё     3Ё     1Ё     2Ё     0Ё     3Ё     1Ё     0Ё     0Ё     1Ё
Ё    40Ё     1Ё     1Ё     0Ё     0Ё     2Ё     1Ё     3Ё     0Ё     0Ё     1Ё
Ё    50Ё     1Ё     0Ё     0Ё     0Ё     0Ё     1Ё     1Ё     0Ё     0Ё     0Ё
Ё    60Ё     1Ё     0Ё     4Ё     0Ё     1Ё     1Ё     0Ё     1Ё     0Ё     5Ё
Ё    70Ё     0Ё     3Ё     0Ё     0Ё     0Ё     1Ё     3Ё     0Ё     1Ё     0Ё
Ё    80Ё     2Ё     7Ё     0Ё     0Ё     0Ё     0Ё     3Ё     0Ё     0Ё     0Ё
Ё    90Ё     0Ё     3Ё     7Ё     0Ё     6Ё     0Ё     0Ё     0Ё     0Ё     0Ё
Ё   100Ё     0Ё     0Ё     0Ё     0Ё     1Ё     0Ё     0Ё     0Ё     0Ё     0Ё
Ё   110Ё     0Ё     1Ё     1Ё     1Ё     0Ё      Ё      Ё      Ё      Ё      Ё
юддддддаддддддаддддддаддддддаддддддаддддддаддддддаддддддаддддддаддддддадддддды 
Tree 16, homoplasy 
       зддддддбддддддбддддддбддддддбддддддбддддддбддддддбддддддбддддддбдддддд©
       Ё    +0Ё    +1Ё    +2Ё    +3Ё    +4Ё    +5Ё    +6Ё    +7Ё    +8Ё    +9Ё
зддддддеддддддеддддддеддддддеддддддеддддддеддддддеддддддеддддддеддддддедддддд╢
Ё     0Ё     0Ё     0Ё     1Ё     2Ё     0Ё     0Ё     4Ё     0Ё     2Ё     0Ё
Ё    10Ё     2Ё     0Ё     1Ё     1Ё     0Ё     0Ё     0Ё     0Ё     0Ё     1Ё
Ё    20Ё     0Ё     0Ё     1Ё     0Ё     0Ё     0Ё     0Ё     0Ё     2Ё     1Ё
Ё    30Ё     0Ё     3Ё     1Ё     2Ё     0Ё     3Ё     1Ё     0Ё     0Ё     1Ё
Ё    40Ё     1Ё     1Ё     0Ё     0Ё     2Ё     1Ё     3Ё     0Ё     0Ё     1Ё
Ё    50Ё     1Ё     0Ё     0Ё     0Ё     0Ё     1Ё     1Ё     0Ё     0Ё     0Ё
Ё    60Ё     1Ё     0Ё     4Ё     0Ё     1Ё     1Ё     0Ё     1Ё     0Ё     5Ё
Ё    70Ё     0Ё     3Ё     0Ё     0Ё     0Ё     1Ё     3Ё     0Ё     1Ё     0Ё
Ё    80Ё     2Ё     7Ё     0Ё     0Ё     0Ё     0Ё     3Ё     0Ё     0Ё     0Ё
Ё    90Ё     0Ё     3Ё     7Ё     0Ё     6Ё     0Ё     0Ё     0Ё     0Ё     0Ё
Ё   100Ё     0Ё     0Ё     0Ё     0Ё     1Ё     0Ё     0Ё     0Ё     0Ё     0Ё
Ё   110Ё     0Ё     1Ё     1Ё     1Ё     0Ё      Ё      Ё      Ё      Ё      Ё
юддддддаддддддаддддддаддддддаддддддаддддддаддддддаддддддаддддддаддддддадддддды 
Tree 17, homoplasy 
       зддддддбддддддбддддддбддддддбддддддбддддддбддддддбддддддбддддддбдддддд©
       Ё    +0Ё    +1Ё    +2Ё    +3Ё    +4Ё    +5Ё    +6Ё    +7Ё    +8Ё    +9Ё
зддддддеддддддеддддддеддддддеддддддеддддддеддддддеддддддеддддддеддддддедддддд╢
Ё     0Ё     0Ё     0Ё     1Ё     2Ё     0Ё     0Ё     4Ё     0Ё     2Ё     0Ё
Ё    10Ё     2Ё     0Ё     1Ё     1Ё     0Ё     0Ё     0Ё     0Ё     0Ё     1Ё
Ё    20Ё     0Ё     0Ё     1Ё     0Ё     0Ё     0Ё     0Ё     0Ё     2Ё     1Ё
Ё    30Ё     0Ё     3Ё     1Ё     2Ё     0Ё     3Ё     1Ё     0Ё     0Ё     1Ё
Ё    40Ё     1Ё     1Ё     0Ё     0Ё     2Ё     1Ё     3Ё     0Ё     0Ё     1Ё
Ё    50Ё     1Ё     0Ё     0Ё     0Ё     0Ё     1Ё     1Ё     0Ё     0Ё     0Ё
Ё    60Ё     1Ё     0Ё     4Ё     0Ё     1Ё     1Ё     0Ё     1Ё     0Ё     5Ё
Ё    70Ё     0Ё     3Ё     0Ё     0Ё     0Ё     1Ё     3Ё     0Ё     1Ё     0Ё
Ё    80Ё     2Ё     7Ё     0Ё     0Ё     0Ё     0Ё     3Ё     0Ё     0Ё     0Ё
Ё    90Ё     0Ё     3Ё     7Ё     0Ё     6Ё     0Ё     0Ё     0Ё     0Ё     0Ё
Ё   100Ё     0Ё     0Ё     0Ё     0Ё     1Ё     0Ё     0Ё     0Ё     0Ё     0Ё
Ё   110Ё     0Ё     1Ё     1Ё     1Ё     0Ё      Ё      Ё      Ё      Ё      Ё
юддддддаддддддаддддддаддддддаддддддаддддддаддддддаддддддаддддддаддддддадддддды 
Tree 18, homoplasy 
       зддддддбддддддбддддддбддддддбддддддбддддддбддддддбддддддбддддддбдддддд©
       Ё    +0Ё    +1Ё    +2Ё    +3Ё    +4Ё    +5Ё    +6Ё    +7Ё    +8Ё    +9Ё
зддддддеддддддеддддддеддддддеддддддеддддддеддддддеддддддеддддддеддддддедддддд╢
Ё     0Ё     0Ё     0Ё     1Ё     2Ё     0Ё     0Ё     4Ё     0Ё     2Ё     0Ё
Ё    10Ё     2Ё     0Ё     1Ё     1Ё     0Ё     0Ё     0Ё     0Ё     0Ё     1Ё
Ё    20Ё     0Ё     0Ё     1Ё     0Ё     0Ё     0Ё     0Ё     0Ё     2Ё     1Ё
Ё    30Ё     0Ё     3Ё     1Ё     2Ё     0Ё     3Ё     1Ё     0Ё     0Ё     1Ё
Ё    40Ё     1Ё     1Ё     0Ё     0Ё     2Ё     1Ё     3Ё     0Ё     0Ё     1Ё
Ё    50Ё     1Ё     0Ё     0Ё     0Ё     0Ё     1Ё     1Ё     0Ё     0Ё     0Ё
Ё    60Ё     1Ё     0Ё     4Ё     0Ё     1Ё     1Ё     0Ё     1Ё     0Ё     5Ё
Ё    70Ё     0Ё     3Ё     0Ё     0Ё     0Ё     1Ё     3Ё     0Ё     1Ё     0Ё
Ё    80Ё     2Ё     7Ё     0Ё     0Ё     0Ё     0Ё     3Ё     0Ё     0Ё     0Ё
Ё    90Ё     0Ё     3Ё     7Ё     0Ё     6Ё     0Ё     0Ё     0Ё     0Ё     0Ё
Ё   100Ё     0Ё     0Ё     0Ё     0Ё     1Ё     0Ё     0Ё     0Ё     0Ё     0Ё
Ё   110Ё     0Ё     1Ё     1Ё     1Ё     0Ё      Ё      Ё      Ё      Ё      Ё
юддддддаддддддаддддддаддддддаддддддаддддддаддддддаддддддаддддддаддддддадддддды 
Tree 19, homoplasy 
       зддддддбддддддбддддддбддддддбддддддбддддддбддддддбддддддбддддддбдддддд©
       Ё    +0Ё    +1Ё    +2Ё    +3Ё    +4Ё    +5Ё    +6Ё    +7Ё    +8Ё    +9Ё
зддддддеддддддеддддддеддддддеддддддеддддддеддддддеддддддеддддддеддддддедддддд╢
Ё     0Ё     0Ё     0Ё     1Ё     2Ё     0Ё     0Ё     4Ё     0Ё     2Ё     0Ё
Ё    10Ё     2Ё     0Ё     1Ё     1Ё     0Ё     0Ё     0Ё     0Ё     0Ё     1Ё
Ё    20Ё     0Ё     0Ё     1Ё     0Ё     0Ё     0Ё     0Ё     0Ё     2Ё     1Ё
Ё    30Ё     0Ё     3Ё     1Ё     2Ё     0Ё     3Ё     1Ё     0Ё     0Ё     1Ё
Ё    40Ё     1Ё     1Ё     0Ё     0Ё     2Ё     1Ё     3Ё     0Ё     0Ё     1Ё
Ё    50Ё     1Ё     0Ё     0Ё     0Ё     0Ё     1Ё     1Ё     0Ё     0Ё     0Ё
Ё    60Ё     1Ё     0Ё     4Ё     0Ё     1Ё     1Ё     0Ё     1Ё     0Ё     5Ё
Ё    70Ё     0Ё     3Ё     0Ё     0Ё     0Ё     1Ё     3Ё     0Ё     1Ё     0Ё
Ё    80Ё     2Ё     7Ё     0Ё     0Ё     0Ё     0Ё     3Ё     0Ё     0Ё     0Ё
Ё    90Ё     0Ё     3Ё     7Ё     0Ё     6Ё     0Ё     0Ё     0Ё     0Ё     0Ё
Ё   100Ё     0Ё     0Ё     0Ё     0Ё     1Ё     0Ё     0Ё     0Ё     0Ё     0Ё
Ё   110Ё     0Ё     1Ё     1Ё     1Ё     0Ё      Ё      Ё      Ё      Ё      Ё
юддддддаддддддаддддддаддддддаддддддаддддддаддддддаддддддаддддддаддддддадддддды 
Tree 20, homoplasy 
       зддддддбддддддбддддддбддддддбддддддбддддддбддддддбддддддбддддддбдддддд©
       Ё    +0Ё    +1Ё    +2Ё    +3Ё    +4Ё    +5Ё    +6Ё    +7Ё    +8Ё    +9Ё
зддддддеддддддеддддддеддддддеддддддеддддддеддддддеддддддеддддддеддддддедддддд╢
Ё     0Ё     0Ё     0Ё     1Ё     2Ё     0Ё     0Ё     4Ё     0Ё     3Ё     0Ё
Ё    10Ё     2Ё     0Ё     1Ё     1Ё     0Ё     0Ё     0Ё     0Ё     0Ё     1Ё
Ё    20Ё     0Ё     0Ё     1Ё     0Ё     0Ё     0Ё     0Ё     0Ё     2Ё     1Ё
Ё    30Ё     0Ё     3Ё     1Ё     2Ё     0Ё     2Ё     1Ё     0Ё     0Ё     1Ё
Ё    40Ё     1Ё     1Ё     0Ё     0Ё     2Ё     1Ё     3Ё     0Ё     0Ё     1Ё
Ё    50Ё     1Ё     0Ё     0Ё     0Ё     0Ё     1Ё     1Ё     0Ё     0Ё     0Ё
Ё    60Ё     1Ё     0Ё     4Ё     0Ё     1Ё     1Ё     0Ё     1Ё     0Ё     5Ё
Ё    70Ё     0Ё     3Ё     0Ё     0Ё     0Ё     1Ё     3Ё     0Ё     1Ё     0Ё
Ё    80Ё     2Ё     7Ё     0Ё     0Ё     0Ё     0Ё     3Ё     0Ё     0Ё     0Ё
Ё    90Ё     0Ё     3Ё     7Ё     0Ё     6Ё     0Ё     0Ё     0Ё     0Ё     0Ё
Ё   100Ё     0Ё     0Ё     0Ё     0Ё     1Ё     0Ё     0Ё     0Ё     0Ё     0Ё
Ё   110Ё     0Ё     1Ё     1Ё     1Ё     0Ё      Ё      Ё      Ё      Ё      Ё
юддддддаддддддаддддддаддддддаддддддаддддддаддддддаддддддаддддддаддддддадддддды 
Tree 21, homoplasy 
       зддддддбддддддбддддддбддддддбддддддбддддддбддддддбддддддбддддддбдддддд©
       Ё    +0Ё    +1Ё    +2Ё    +3Ё    +4Ё    +5Ё    +6Ё    +7Ё    +8Ё    +9Ё
зддддддеддддддеддддддеддддддеддддддеддддддеддддддеддддддеддддддеддддддедддддд╢
Ё     0Ё     0Ё     0Ё     1Ё     2Ё     0Ё     0Ё     4Ё     0Ё     2Ё     0Ё
Ё    10Ё     2Ё     0Ё     1Ё     1Ё     0Ё     0Ё     0Ё     0Ё     0Ё     1Ё
Ё    20Ё     0Ё     0Ё     1Ё     0Ё     0Ё     0Ё     0Ё     0Ё     2Ё     1Ё
Ё    30Ё     0Ё     3Ё     1Ё     2Ё     0Ё     3Ё     1Ё     0Ё     0Ё     1Ё
Ё    40Ё     1Ё     1Ё     0Ё     0Ё     2Ё     1Ё     3Ё     0Ё     0Ё     1Ё
Ё    50Ё     1Ё     0Ё     0Ё     0Ё     0Ё     1Ё     1Ё     0Ё     0Ё     0Ё
Ё    60Ё     1Ё     0Ё     4Ё     0Ё     1Ё     1Ё     0Ё     1Ё     0Ё     5Ё
Ё    70Ё     0Ё     3Ё     0Ё     0Ё     0Ё     1Ё     3Ё     0Ё     1Ё     0Ё
Ё    80Ё     2Ё     7Ё     0Ё     0Ё     0Ё     0Ё     3Ё     0Ё     0Ё     0Ё
Ё    90Ё     0Ё     3Ё     7Ё     0Ё     6Ё     0Ё     0Ё     0Ё     0Ё     0Ё
Ё   100Ё     0Ё     0Ё     0Ё     0Ё     1Ё     0Ё     0Ё     0Ё     0Ё     0Ё
Ё   110Ё     0Ё     1Ё     1Ё     1Ё     0Ё      Ё      Ё      Ё      Ё      Ё
юддддддаддддддаддддддаддддддаддддддаддддддаддддддаддддддаддддддаддддддадддддды 
Tree 22, homoplasy 
       зддддддбддддддбддддддбддддддбддддддбддддддбддддддбддддддбддддддбдддддд©
       Ё    +0Ё    +1Ё    +2Ё    +3Ё    +4Ё    +5Ё    +6Ё    +7Ё    +8Ё    +9Ё
зддддддеддддддеддддддеддддддеддддддеддддддеддддддеддддддеддддддеддддддедддддд╢
Ё     0Ё     0Ё     0Ё     1Ё     2Ё     0Ё     0Ё     4Ё     0Ё     2Ё     0Ё
Ё    10Ё     2Ё     0Ё     1Ё     1Ё     0Ё     0Ё     0Ё     0Ё     0Ё     1Ё
Ё    20Ё     0Ё     0Ё     1Ё     0Ё     0Ё     0Ё     0Ё     0Ё     2Ё     1Ё
Ё    30Ё     0Ё     3Ё     1Ё     2Ё     0Ё     3Ё     1Ё     0Ё     0Ё     1Ё
Ё    40Ё     1Ё     1Ё     0Ё     0Ё     2Ё     1Ё     3Ё     0Ё     0Ё     1Ё
Ё    50Ё     1Ё     0Ё     0Ё     0Ё     0Ё     1Ё     1Ё     0Ё     0Ё     0Ё
Ё    60Ё     1Ё     0Ё     4Ё     0Ё     1Ё     1Ё     0Ё     1Ё     0Ё     5Ё
Ё    70Ё     0Ё     3Ё     0Ё     0Ё     0Ё     1Ё     3Ё     0Ё     1Ё     0Ё
Ё    80Ё     2Ё     7Ё     0Ё     0Ё     0Ё     0Ё     3Ё     0Ё     0Ё     0Ё
Ё    90Ё     0Ё     3Ё     7Ё     0Ё     6Ё     0Ё     0Ё     0Ё     0Ё     0Ё
Ё   100Ё     0Ё     0Ё     0Ё     0Ё     1Ё     0Ё     0Ё     0Ё     0Ё     0Ё
Ё   110Ё     0Ё     1Ё     1Ё     1Ё     0Ё      Ё      Ё      Ё      Ё      Ё
юддддддаддддддаддддддаддддддаддддддаддддддаддддддаддддддаддддддаддддддадддддды 
Tree 23, homoplasy 
       зддддддбддддддбддддддбддддддбддддддбддддддбддддддбддддддбддддддбдддддд©
       Ё    +0Ё    +1Ё    +2Ё    +3Ё    +4Ё    +5Ё    +6Ё    +7Ё    +8Ё    +9Ё
зддддддеддддддеддддддеддддддеддддддеддддддеддддддеддддддеддддддеддддддедддддд╢
Ё     0Ё     0Ё     0Ё     1Ё     2Ё     0Ё     0Ё     4Ё     0Ё     2Ё     0Ё
Ё    10Ё     2Ё     0Ё     1Ё     1Ё     0Ё     0Ё     0Ё     0Ё     0Ё     1Ё
Ё    20Ё     0Ё     0Ё     1Ё     0Ё     0Ё     0Ё     0Ё     0Ё     2Ё     1Ё
Ё    30Ё     0Ё     3Ё     1Ё     2Ё     0Ё     3Ё     1Ё     0Ё     0Ё     1Ё
Ё    40Ё     1Ё     1Ё     0Ё     0Ё     2Ё     1Ё     3Ё     0Ё     0Ё     1Ё
Ё    50Ё     1Ё     0Ё     0Ё     0Ё     0Ё     1Ё     1Ё     0Ё     0Ё     0Ё
Ё    60Ё     1Ё     0Ё     4Ё     0Ё     1Ё     1Ё     0Ё     1Ё     0Ё     5Ё
Ё    70Ё     0Ё     3Ё     0Ё     0Ё     0Ё     1Ё     3Ё     0Ё     1Ё     0Ё
Ё    80Ё     2Ё     7Ё     0Ё     0Ё     0Ё     0Ё     3Ё     0Ё     0Ё     0Ё
Ё    90Ё     0Ё     3Ё     7Ё     0Ё     6Ё     0Ё     0Ё     0Ё     0Ё     0Ё
Ё   100Ё     0Ё     0Ё     0Ё     0Ё     1Ё     0Ё     0Ё     0Ё     0Ё     0Ё
Ё   110Ё     0Ё     1Ё     1Ё     1Ё     0Ё      Ё      Ё      Ё      Ё      Ё
юддддддаддддддаддддддаддддддаддддддаддддддаддддддаддддддаддддддаддддддадддддды 
Tree 24, homoplasy 
       зддддддбддддддбддддддбддддддбддддддбддддддбддддддбддддддбддддддбдддддд©
       Ё    +0Ё    +1Ё    +2Ё    +3Ё    +4Ё    +5Ё    +6Ё    +7Ё    +8Ё    +9Ё
зддддддеддддддеддддддеддддддеддддддеддддддеддддддеддддддеддддддеддддддедддддд╢
Ё     0Ё     0Ё     0Ё     1Ё     2Ё     0Ё     0Ё     4Ё     0Ё     2Ё     0Ё
Ё    10Ё     2Ё     0Ё     1Ё     1Ё     0Ё     0Ё     0Ё     0Ё     0Ё     1Ё
Ё    20Ё     0Ё     0Ё     1Ё     0Ё     0Ё     0Ё     0Ё     0Ё     2Ё     1Ё
Ё    30Ё     0Ё     3Ё     1Ё     2Ё     0Ё     3Ё     1Ё     0Ё     0Ё     1Ё
Ё    40Ё     1Ё     1Ё     0Ё     0Ё     2Ё     1Ё     3Ё     0Ё     0Ё     1Ё
Ё    50Ё     1Ё     0Ё     0Ё     0Ё     0Ё     1Ё     1Ё     0Ё     0Ё     0Ё
Ё    60Ё     1Ё     0Ё     4Ё     0Ё     1Ё     1Ё     0Ё     1Ё     0Ё     5Ё
Ё    70Ё     0Ё     3Ё     0Ё     0Ё     0Ё     1Ё     3Ё     0Ё     1Ё     0Ё
Ё    80Ё     2Ё     7Ё     0Ё     0Ё     0Ё     0Ё     3Ё     0Ё     0Ё     0Ё
Ё    90Ё     0Ё     3Ё     7Ё     0Ё     6Ё     0Ё     0Ё     0Ё     0Ё     0Ё
Ё   100Ё     0Ё     0Ё     0Ё     0Ё     1Ё     0Ё     0Ё     0Ё     0Ё     0Ё
Ё   110Ё     0Ё     1Ё     1Ё     1Ё     0Ё      Ё      Ё      Ё      Ё      Ё
юддддддаддддддаддддддаддддддаддддддаддддддаддддддаддддддаддддддаддддддадддддды 
Tree 25, homoplasy 
       зддддддбддддддбддддддбддддддбддддддбддддддбддддддбддддддбддддддбдддддд©
       Ё    +0Ё    +1Ё    +2Ё    +3Ё    +4Ё    +5Ё    +6Ё    +7Ё    +8Ё    +9Ё
зддддддеддддддеддддддеддддддеддддддеддддддеддддддеддддддеддддддеддддддедддддд╢
Ё     0Ё     0Ё     0Ё     1Ё     2Ё     0Ё     0Ё     4Ё     0Ё     3Ё     0Ё
Ё    10Ё     2Ё     0Ё     1Ё     1Ё     0Ё     0Ё     0Ё     0Ё     0Ё     1Ё
Ё    20Ё     0Ё     0Ё     1Ё     0Ё     0Ё     0Ё     0Ё     0Ё     2Ё     1Ё
Ё    30Ё     0Ё     3Ё     1Ё     2Ё     0Ё     2Ё     1Ё     0Ё     0Ё     1Ё
Ё    40Ё     1Ё     1Ё     0Ё     0Ё     2Ё     1Ё     3Ё     0Ё     0Ё     1Ё
Ё    50Ё     1Ё     0Ё     0Ё     0Ё     0Ё     1Ё     1Ё     0Ё     0Ё     0Ё
Ё    60Ё     1Ё     0Ё     4Ё     0Ё     1Ё     1Ё     0Ё     1Ё     0Ё     5Ё
Ё    70Ё     0Ё     3Ё     0Ё     0Ё     0Ё     1Ё     3Ё     0Ё     1Ё     0Ё
Ё    80Ё     2Ё     7Ё     0Ё     0Ё     0Ё     0Ё     3Ё     0Ё     0Ё     0Ё
Ё    90Ё     0Ё     3Ё     7Ё     0Ё     6Ё     0Ё     0Ё     0Ё     0Ё     0Ё
Ё   100Ё     0Ё     0Ё     0Ё     0Ё     1Ё     0Ё     0Ё     0Ё     0Ё     0Ё
Ё   110Ё     0Ё     1Ё     1Ё     1Ё     0Ё      Ё      Ё      Ё      Ё      Ё
юддддддаддддддаддддддаддддддаддддддаддддддаддддддаддддддаддддддаддддддадддддды 
Time 0.02 secs. 
Log file: C:\Users\dxsb43\GitHub\Partitioning_Strategies\Homoplasy Scoring\Weev_homoplasy_scores.out 
Implied Weighting is ON 
Weighting strength is 3.00000 
